<?xml version="1.0" encoding="UTF-8"?>
<testsuite xmlns:xsi="http://www.w3.org/2001/XMLSchema-instance" xsi:noNamespaceSchemaLocation="https://maven.apache.org/surefire/maven-surefire-plugin/xsd/surefire-test-report-3.0.xsd" version="3.0" name="eac4.gestors.TestGestors" time="0.045" tests="1" errors="1" skipped="0" failures="0">
  <properties>
[...]
</properties>
  <testcase name="" classname="eac4.gestors.TestGestors" time="0.045">
    <error message="Connection refused: getsockopt" type="javax.xml.xquery.XQException"><![CDATA[javax.xml.xquery.XQException:
  XQJNC001 - Connection refused: getsockopt
  Root Cause:
  java.net.ConnectException: Connection refused: getsockopt
  at net.xqj.basex.BasicConnectionImpl.connect(BasicConnectionImpl.java:83)
  at net.xqj.core.GenericXQConnection.<init>(GenericXQConnection.java:73)
  at net.xqj.basex.BaseXXQConnection.<init>(BaseXXQConnection.java:12)
  at net.xqj.basex.BaseXXQDataSource.getConnection(BaseXXQDataSource.java:129)
  at eac4.gestors.TestGestors.setUpClass(TestGestors.java:113)
  at java.base/jdk.internal.reflect.DirectMethodHandleAccessor.invoke(DirectMethodHandleAccessor.java:103)
  at java.base/java.lang.reflect.Method.invoke(Method.java:580)
  at org.junit.platform.commons.util.ReflectionUtils.invokeMethod(ReflectionUtils.java:686)
  at org.junit.jupiter.engine.execution.MethodInvocation.proceed(MethodInvocation.java:60)
  at org.junit.jupiter.engine.execution.InvocationInterceptorChain$ValidatingInvocation.proceed(InvocationInterceptorChain.java:131)
  at org.junit.jupiter.engine.extension.TimeoutExtension.intercept(TimeoutExtension.java:149)
  at org.junit.jupiter.engine.extension.TimeoutExtension.interceptLifecycleMethod(TimeoutExtension.java:126)
  at org.junit.jupiter.engine.extension.TimeoutExtension.interceptBeforeAllMethod(TimeoutExtension.java:68)
  at org.junit.jupiter.engine.execution.ExecutableInvoker$ReflectiveInterceptorCall.lambda$ofVoidMethod$0(ExecutableInvoker.java:115)
  at org.junit.jupiter.engine.execution.ExecutableInvoker.lambda$invoke$0(ExecutableInvoker.java:105)
  at org.junit.jupiter.engine.execution.InvocationInterceptorChain$InterceptedInvocation.proceed(InvocationInterceptorChain.java:106)
  at org.junit.jupiter.engine.execution.InvocationInterceptorChain.proceed(InvocationInterceptorChain.java:64)
  at org.junit.jupiter.engine.execution.InvocationInterceptorChain.chainAndInvoke(InvocationInterceptorChain.java:45)
  at org.junit.jupiter.engine.execution.InvocationInterceptorChain.invoke(InvocationInterceptorChain.java:37)
  at org.junit.jupiter.engine.execution.ExecutableInvoker.invoke(ExecutableInvoker.java:104)
  at org.junit.jupiter.engine.execution.ExecutableInvoker.invoke(ExecutableInvoker.java:98)
  at org.junit.jupiter.engine.descriptor.ClassBasedTestDescriptor.lambda$invokeBeforeAllMethods$8(ClassBasedTestDescriptor.java:375)
  at org.junit.platform.engine.support.hierarchical.ThrowableCollector.execute(ThrowableCollector.java:73)
  at org.junit.jupiter.engine.descriptor.ClassBasedTestDescriptor.invokeBeforeAllMethods(ClassBasedTestDescriptor.java:373)
  at org.junit.jupiter.engine.descriptor.ClassBasedTestDescriptor.before(ClassBasedTestDescriptor.java:193)
  at org.junit.jupiter.engine.descriptor.ClassBasedTestDescriptor.before(ClassBasedTestDescriptor.java:78)
  at org.junit.platform.engine.support.hierarchical.NodeTestTask.lambda$executeRecursively$5(NodeTestTask.java:132)
  at org.junit.platform.engine.support.hierarchical.ThrowableCollector.execute(ThrowableCollector.java:73)
  at org.junit.platform.engine.support.hierarchical.NodeTestTask.lambda$executeRecursively$7(NodeTestTask.java:125)
  at org.junit.platform.engine.support.hierarchical.Node.around(Node.java:135)
  at org.junit.platform.engine.support.hierarchical.NodeTestTask.lambda$executeRecursively$8(NodeTestTask.java:123)
  at org.junit.platform.engine.support.hierarchical.ThrowableCollector.execute(ThrowableCollector.java:73)
  at org.junit.platform.engine.support.hierarchical.NodeTestTask.executeRecursively(NodeTestTask.java:122)
  at org.junit.platform.engine.support.hierarchical.NodeTestTask.execute(NodeTestTask.java:80)
  at java.base/java.util.ArrayList.forEach(ArrayList.java:1597)
  at org.junit.platform.engine.support.hierarchical.SameThreadHierarchicalTestExecutorService.invokeAll(SameThreadHierarchicalTestExecutorService.java:38)
  at org.junit.platform.engine.support.hierarchical.NodeTestTask.lambda$executeRecursively$5(NodeTestTask.java:139)
  at org.junit.platform.engine.support.hierarchical.ThrowableCollector.execute(ThrowableCollector.java:73)
  at org.junit.platform.engine.support.hierarchical.NodeTestTask.lambda$executeRecursively$7(NodeTestTask.java:125)
  at org.junit.platform.engine.support.hierarchical.Node.around(Node.java:135)
  at org.junit.platform.engine.support.hierarchical.NodeTestTask.lambda$executeRecursively$8(NodeTestTask.java:123)
  at org.junit.platform.engine.support.hierarchical.ThrowableCollector.execute(ThrowableCollector.java:73)
  at org.junit.platform.engine.support.hierarchical.NodeTestTask.executeRecursively(NodeTestTask.java:122)
  at org.junit.platform.engine.support.hierarchical.NodeTestTask.execute(NodeTestTask.java:80)
  at org.junit.platform.engine.support.hierarchical.SameThreadHierarchicalTestExecutorService.submit(SameThreadHierarchicalTestExecutorService.java:32)
  at org.junit.platform.engine.support.hierarchical.HierarchicalTestExecutor.execute(HierarchicalTestExecutor.java:57)
  at org.junit.platform.engine.support.hierarchical.HierarchicalTestEngine.execute(HierarchicalTestEngine.java:51)
  at org.junit.platform.launcher.core.DefaultLauncher.execute(DefaultLauncher.java:248)
  at org.junit.platform.launcher.core.DefaultLauncher.lambda$execute$5(DefaultLauncher.java:211)
  at org.junit.platform.launcher.core.DefaultLauncher.withInterceptedStreams(DefaultLauncher.java:226)
  at org.junit.platform.launcher.core.DefaultLauncher.execute(DefaultLauncher.java:199)
  at org.junit.platform.launcher.core.DefaultLauncher.execute(DefaultLauncher.java:132)
  at org.apache.maven.surefire.junitplatform.LazyLauncher.execute(LazyLauncher.java:56)
  at org.apache.maven.surefire.junitplatform.JUnitPlatformProvider.execute(JUnitPlatformProvider.java:184)
  at org.apache.maven.surefire.junitplatform.JUnitPlatformProvider.invokeAllTests(JUnitPlatformProvider.java:148)
  at org.apache.maven.surefire.junitplatform.JUnitPlatformProvider.invoke(JUnitPlatformProvider.java:122)
  at org.apache.maven.surefire.booter.ForkedBooter.runSuitesInProcess(ForkedBooter.java:385)
  at org.apache.maven.surefire.booter.ForkedBooter.execute(ForkedBooter.java:162)
  at org.apache.maven.surefire.booter.ForkedBooter.run(ForkedBooter.java:507)
  at org.apache.maven.surefire.booter.ForkedBooter.main(ForkedBooter.java:495)
  at java.base/sun.nio.ch.Net.pollConnect(Native Method)
  at java.base/sun.nio.ch.Net.pollConnectNow(Net.java:682)
  at java.base/sun.nio.ch.NioSocketImpl.timedFinishConnect(NioSocketImpl.java:542)
  at java.base/sun.nio.ch.NioSocketImpl.connect(NioSocketImpl.java:592)
  at java.base/java.net.SocksSocketImpl.connect(SocksSocketImpl.java:327)
  at java.base/java.net.Socket.connect(Socket.java:760)
  at net.xqj.basex.BaseXClient.<init>(BaseXClient.java:90)
  at net.xqj.basex.BasicConnectionImpl.connect(BasicConnectionImpl.java:59)
  at net.xqj.core.GenericXQConnection.<init>(GenericXQConnection.java:73)
  at net.xqj.basex.BaseXXQConnection.<init>(BaseXXQConnection.java:12)
  at net.xqj.basex.BaseXXQDataSource.getConnection(BaseXXQDataSource.java:129)
  at eac4.gestors.TestGestors.setUpClass(TestGestors.java:113)
  at java.base/jdk.internal.reflect.DirectMethodHandleAccessor.invoke(DirectMethodHandleAccessor.java:103)
  at java.base/java.lang.reflect.Method.invoke(Method.java:580)
  at org.junit.platform.commons.util.ReflectionUtils.invokeMethod(ReflectionUtils.java:686)
  at org.junit.jupiter.engine.execution.MethodInvocation.proceed(MethodInvocation.java:60)
  at org.junit.jupiter.engine.execution.InvocationInterceptorChain$ValidatingInvocation.proceed(InvocationInterceptorChain.java:131)
  at org.junit.jupiter.engine.extension.TimeoutExtension.intercept(TimeoutExtension.java:149)
  at org.junit.jupiter.engine.extension.TimeoutExtension.interceptLifecycleMethod(TimeoutExtension.java:126)
  at org.junit.jupiter.engine.extension.TimeoutExtension.interceptBeforeAllMethod(TimeoutExtension.java:68)
  at org.junit.jupiter.engine.execution.ExecutableInvoker$ReflectiveInterceptorCall.lambda$ofVoidMethod$0(ExecutableInvoker.java:115)
  at org.junit.jupiter.engine.execution.ExecutableInvoker.lambda$invoke$0(ExecutableInvoker.java:105)
  at org.junit.jupiter.engine.execution.InvocationInterceptorChain$InterceptedInvocation.proceed(InvocationInterceptorChain.java:106)
  at org.junit.jupiter.engine.execution.InvocationInterceptorChain.proceed(InvocationInterceptorChain.java:64)
  at org.junit.jupiter.engine.execution.InvocationInterceptorChain.chainAndInvoke(InvocationInterceptorChain.java:45)
  at org.junit.jupiter.engine.execution.InvocationInterceptorChain.invoke(InvocationInterceptorChain.java:37)
  at org.junit.jupiter.engine.execution.ExecutableInvoker.invoke(ExecutableInvoker.java:104)
  at org.junit.jupiter.engine.execution.ExecutableInvoker.invoke(ExecutableInvoker.java:98)
  at org.junit.jupiter.engine.descriptor.ClassBasedTestDescriptor.lambda$invokeBeforeAllMethods$8(ClassBasedTestDescriptor.java:375)
  at org.junit.platform.engine.support.hierarchical.ThrowableCollector.execute(ThrowableCollector.java:73)
  at org.junit.jupiter.engine.descriptor.ClassBasedTestDescriptor.invokeBeforeAllMethods(ClassBasedTestDescriptor.java:373)
  at org.junit.jupiter.engine.descriptor.ClassBasedTestDescriptor.before(ClassBasedTestDescriptor.java:193)
  at org.junit.jupiter.engine.descriptor.ClassBasedTestDescriptor.before(ClassBasedTestDescriptor.java:78)
  at org.junit.platform.engine.support.hierarchical.NodeTestTask.lambda$executeRecursively$5(NodeTestTask.java:132)
  at org.junit.platform.engine.support.hierarchical.ThrowableCollector.execute(ThrowableCollector.java:73)
  at org.junit.platform.engine.support.hierarchical.NodeTestTask.lambda$executeRecursively$7(NodeTestTask.java:125)
  at org.junit.platform.engine.support.hierarchical.Node.around(Node.java:135)
  at org.junit.platform.engine.support.hierarchical.NodeTestTask.lambda$executeRecursively$8(NodeTestTask.java:123)
  at org.junit.platform.engine.support.hierarchical.ThrowableCollector.execute(ThrowableCollector.java:73)
  at org.junit.platform.engine.support.hierarchical.NodeTestTask.executeRecursively(NodeTestTask.java:122)
  at org.junit.platform.engine.support.hierarchical.NodeTestTask.execute(NodeTestTask.java:80)
  at java.base/java.util.ArrayList.forEach(ArrayList.java:1597)
  at org.junit.platform.engine.support.hierarchical.SameThreadHierarchicalTestExecutorService.invokeAll(SameThreadHierarchicalTestExecutorService.java:38)
  at org.junit.platform.engine.support.hierarchical.NodeTestTask.lambda$executeRecursively$5(NodeTestTask.java:139)
  at org.junit.platform.engine.support.hierarchical.ThrowableCollector.execute(ThrowableCollector.java:73)
  at org.junit.platform.engine.support.hierarchical.NodeTestTask.lambda$executeRecursively$7(NodeTestTask.java:125)
  at org.junit.platform.engine.support.hierarchical.Node.around(Node.java:135)
  at org.junit.platform.engine.support.hierarchical.NodeTestTask.lambda$executeRecursively$8(NodeTestTask.java:123)
  at org.junit.platform.engine.support.hierarchical.ThrowableCollector.execute(ThrowableCollector.java:73)
  at org.junit.platform.engine.support.hierarchical.NodeTestTask.executeRecursively(NodeTestTask.java:122)
  at org.junit.platform.engine.support.hierarchical.NodeTestTask.execute(NodeTestTask.java:80)
  at org.junit.platform.engine.support.hierarchical.SameThreadHierarchicalTestExecutorService.submit(SameThreadHierarchicalTestExecutorService.java:32)
  at org.junit.platform.engine.support.hierarchical.HierarchicalTestExecutor.execute(HierarchicalTestExecutor.java:57)
  at org.junit.platform.engine.support.hierarchical.HierarchicalTestEngine.execute(HierarchicalTestEngine.java:51)
  at org.junit.platform.launcher.core.DefaultLauncher.execute(DefaultLauncher.java:248)
  at org.junit.platform.launcher.core.DefaultLauncher.lambda$execute$5(DefaultLauncher.java:211)
  at org.junit.platform.launcher.core.DefaultLauncher.withInterceptedStreams(DefaultLauncher.java:226)
  at org.junit.platform.launcher.core.DefaultLauncher.execute(DefaultLauncher.java:199)
  at org.junit.platform.launcher.core.DefaultLauncher.execute(DefaultLauncher.java:132)
  at org.apache.maven.surefire.junitplatform.LazyLauncher.execute(LazyLauncher.java:56)
  at org.apache.maven.surefire.junitplatform.JUnitPlatformProvider.execute(JUnitPlatformProvider.java:184)
  at org.apache.maven.surefire.junitplatform.JUnitPlatformProvider.invokeAllTests(JUnitPlatformProvider.java:148)
  at org.apache.maven.surefire.junitplatform.JUnitPlatformProvider.invoke(JUnitPlatformProvider.java:122)
  at org.apache.maven.surefire.booter.ForkedBooter.runSuitesInProcess(ForkedBooter.java:385)
  at org.apache.maven.surefire.booter.ForkedBooter.execute(ForkedBooter.java:162)
  at org.apache.maven.surefire.booter.ForkedBooter.run(ForkedBooter.java:507)
  at org.apache.maven.surefire.booter.ForkedBooter.main(ForkedBooter.java:495)
]]></error>
  </testcase>
</testsuite>